2023-10-17 15:25:19.939 [main] ERROR Main:43 - Error input - Wrong format Phone. Correct format: +79215637722
2023-10-17 15:25:39.966 [main] ERROR Main:43 - Error input - Wrong format Email. Correct format: vasily.petrov@gmail.com
2023-10-17 15:26:02.174 [main] ERROR Main:38 - IllegalArgumentException - Wrong input format.
2023-10-17 15:28:38.326 [main] ERROR Main:38 - IllegalArgumentException - Wrong format. Correct format: add Василий Петров vasily.petrov@gmail.com +79215637722
2023-10-17 15:34:53.093 [main] ERROR Main:50 - Remove error - Wrong name format. Correct format: remove Василий Петров
2023-10-17 15:36:19.045 [main] ERROR Main:50 - Remove error - Wrong name format. Correct format: remove Василий Петров
2024-01-31 19:49:46.858 [main] ERROR org.hibernate.engine.jdbc.spi.SqlExceptionHelper:150 - Public Key Retrieval is not allowed
2024-01-31 19:50:38.139 [main] ERROR org.hibernate.engine.jdbc.spi.SqlExceptionHelper:150 - Public Key Retrieval is not allowed
2024-01-31 19:59:53.860 [main] ERROR org.hibernate.engine.jdbc.spi.SqlExceptionHelper:150 - Public Key Retrieval is not allowed
2024-01-31 20:08:57.187 [main] ERROR org.hibernate.engine.jdbc.spi.SqlExceptionHelper:150 - Public Key Retrieval is not allowed
2024-02-01 14:39:11.516 [main] ERROR org.hibernate.engine.jdbc.spi.SqlExceptionHelper:150 - Public Key Retrieval is not allowed
2024-02-01 14:40:45.899 [main] ERROR org.hibernate.engine.jdbc.spi.SqlExceptionHelper:150 - Public Key Retrieval is not allowed
2024-02-01 14:45:35.546 [main] ERROR org.hibernate.engine.jdbc.spi.SqlExceptionHelper:150 - Public Key Retrieval is not allowed
2024-02-01 15:17:03.561 [main] ERROR org.hibernate.engine.jdbc.spi.SqlExceptionHelper:150 - Public Key Retrieval is not allowed
2024-02-01 15:32:24.838 [main] ERROR org.hibernate.engine.jdbc.spi.SqlExceptionHelper:150 - Public Key Retrieval is not allowed
2024-02-01 15:33:19.364 [main] ERROR org.hibernate.engine.jdbc.spi.SqlExceptionHelper:150 - Public Key Retrieval is not allowed
2024-02-01 15:42:18.776 [main] ERROR org.hibernate.engine.jdbc.spi.SqlExceptionHelper:150 - Public Key Retrieval is not allowed
2024-02-01 16:49:01.708 [main] ERROR org.hibernate.engine.jdbc.spi.SqlExceptionHelper:150 - Public Key Retrieval is not allowed
2024-02-01 16:58:23.066 [main] ERROR org.hibernate.engine.jdbc.spi.SqlExceptionHelper:150 - Public Key Retrieval is not allowed
2024-02-01 17:02:32.179 [main] ERROR org.hibernate.engine.jdbc.spi.SqlExceptionHelper:150 - Public Key Retrieval is not allowed
2024-02-01 17:02:52.352 [main] ERROR org.hibernate.engine.jdbc.spi.SqlExceptionHelper:150 - Public Key Retrieval is not allowed
2024-02-01 17:15:45.975 [main] ERROR org.hibernate.engine.jdbc.spi.SqlExceptionHelper:150 - Public Key Retrieval is not allowed
2024-02-01 17:29:16.355 [main] ERROR org.hibernate.engine.jdbc.spi.SqlExceptionHelper:150 - Public Key Retrieval is not allowed
2024-02-01 17:47:59.991 [main] ERROR org.hibernate.engine.jdbc.spi.SqlExceptionHelper:150 - Public Key Retrieval is not allowed
2024-02-01 17:55:39.964 [main] ERROR org.hibernate.engine.jdbc.spi.SqlExceptionHelper:150 - Access denied for user 'root'@'localhost' (using password: YES)
2024-02-01 17:58:47.475 [main] ERROR org.hibernate.engine.jdbc.spi.SqlExceptionHelper:150 - Public Key Retrieval is not allowed
2024-02-01 18:08:50.800 [main] ERROR org.hibernate.engine.jdbc.spi.SqlExceptionHelper:150 - Public Key Retrieval is not allowed
2024-02-01 18:19:21.260 [main] ERROR org.hibernate.engine.jdbc.spi.SqlExceptionHelper:150 - Public Key Retrieval is not allowed
2024-02-01 18:20:15.841 [main] ERROR org.hibernate.engine.jdbc.spi.SqlExceptionHelper:150 - Public Key Retrieval is not allowed
2024-02-01 18:28:43.483 [main] ERROR org.hibernate.engine.jdbc.spi.SqlExceptionHelper:150 - Public Key Retrieval is not allowed
2024-02-01 18:43:35.003 [main] ERROR org.hibernate.engine.jdbc.spi.SqlExceptionHelper:150 - Public Key Retrieval is not allowed
2024-02-01 19:02:41.509 [main] ERROR org.hibernate.engine.jdbc.spi.SqlExceptionHelper:150 - Access denied for user 'root'@'localhost' (using password: YES)
2024-02-01 19:04:27.676 [main] ERROR org.hibernate.engine.jdbc.spi.SqlExceptionHelper:150 - Public Key Retrieval is not allowed
2024-02-01 19:07:01.431 [main] ERROR org.hibernate.engine.jdbc.spi.SqlExceptionHelper:150 - Cannot load connection class because of underlying exception: com.mysql.cj.exceptions.WrongArgumentException: Malformed database URL, failed to parse the connection string near '?=false?useSSL=false'.
2024-02-01 19:22:17.521 [main] ERROR org.hibernate.engine.jdbc.spi.SqlExceptionHelper:150 - Access denied for user 'root'@'localhost' (using password: YES)
2024-02-01 19:27:30.516 [main] ERROR org.hibernate.engine.jdbc.spi.SqlExceptionHelper:150 - Access denied for user 'root'@'localhost' (using password: YES)
2024-02-01 19:31:14.935 [main] ERROR org.hibernate.engine.jdbc.spi.SqlExceptionHelper:150 - Access denied for user 'root'@'localhost' (using password: YES)
2024-02-01 19:36:29.316 [main] ERROR org.hibernate.engine.jdbc.spi.SqlExceptionHelper:150 - Access denied for user 'root'@'localhost' (using password: YES)
2024-02-01 19:39:31.544 [main] ERROR org.hibernate.engine.jdbc.spi.SqlExceptionHelper:150 - Access denied for user 'root'@'localhost' (using password: YES)
2024-02-01 19:41:33.285 [main] ERROR org.hibernate.engine.jdbc.spi.SqlExceptionHelper:150 - Access denied for user 'root'@'localhost' (using password: YES)
2024-02-01 20:36:25.044 [main] ERROR org.hibernate.engine.jdbc.spi.SqlExceptionHelper:150 - Access denied for user 'root'@'localhost' (using password: NO)
2024-02-01 20:37:15.726 [main] ERROR org.hibernate.engine.jdbc.spi.SqlExceptionHelper:150 - Access denied for user 'root'@'localhost' (using password: YES)
2024-02-01 21:00:47.280 [main] ERROR org.hibernate.engine.jdbc.spi.SqlExceptionHelper:150 - Access denied for user 'root'@'localhost' (using password: YES)
2024-02-02 15:00:50.861 [main] ERROR org.hibernate.engine.jdbc.spi.SqlExceptionHelper:150 - Field 'id' doesn't have a default value
2024-02-02 15:00:50.876 [main] ERROR org.hibernate.orm.connections.pooling:475 - Connection leak detected: there are 1 unclosed connections upon shutting down pool jdbc:mysql://localhost:3306/employee?allowPublicKeyRetrieval=true&useSSL=false
2024-02-02 15:00:50.877 [main] ERROR org.hibernate.orm.connections.pooling:302 - Connection leak detected: there are 1 unclosed connections
2024-02-02 16:39:04.547 [main] ERROR org.hibernate.orm.connections.pooling:475 - Connection leak detected: there are 1 unclosed connections upon shutting down pool jdbc:mysql://localhost:3306/employee?allowPublicKeyRetrieval=true&useSSL=false
2024-02-02 16:39:04.548 [main] ERROR org.hibernate.orm.connections.pooling:302 - Connection leak detected: there are 1 unclosed connections
2024-02-02 16:39:34.645 [main] ERROR org.hibernate.orm.connections.pooling:475 - Connection leak detected: there are 1 unclosed connections upon shutting down pool jdbc:mysql://localhost:3306/employee?allowPublicKeyRetrieval=true&useSSL=false
2024-02-02 16:39:34.646 [main] ERROR org.hibernate.orm.connections.pooling:302 - Connection leak detected: there are 1 unclosed connections
2024-02-02 16:40:59.677 [main] ERROR org.hibernate.orm.connections.pooling:475 - Connection leak detected: there are 1 unclosed connections upon shutting down pool jdbc:mysql://localhost:3306/employee?allowPublicKeyRetrieval=true&useSSL=false
2024-02-02 16:40:59.680 [main] ERROR org.hibernate.orm.connections.pooling:302 - Connection leak detected: there are 1 unclosed connections
2024-02-02 16:47:13.327 [main] ERROR org.hibernate.orm.connections.pooling:475 - Connection leak detected: there are 1 unclosed connections upon shutting down pool jdbc:mysql://localhost:3306/employee?allowPublicKeyRetrieval=true&useSSL=false
2024-02-02 16:47:13.328 [main] ERROR org.hibernate.orm.connections.pooling:302 - Connection leak detected: there are 1 unclosed connections
2024-02-05 15:24:50.023 [main] ERROR org.hibernate.orm.connections.pooling:475 - Connection leak detected: there are 1 unclosed connections upon shutting down pool jdbc:mysql://localhost:3306/employee?allowPublicKeyRetrieval=true&useSSL=false
2024-02-05 15:24:50.025 [main] ERROR org.hibernate.orm.connections.pooling:302 - Connection leak detected: there are 1 unclosed connections
2024-02-05 15:43:42.302 [main] ERROR org.hibernate.orm.connections.pooling:475 - Connection leak detected: there are 1 unclosed connections upon shutting down pool jdbc:mysql://localhost:3306/employee?allowPublicKeyRetrieval=true&useSSL=false
2024-02-05 15:43:42.304 [main] ERROR org.hibernate.orm.connections.pooling:302 - Connection leak detected: there are 1 unclosed connections
2024-02-05 15:57:28.138 [main] ERROR org.hibernate.orm.connections.pooling:475 - Connection leak detected: there are 1 unclosed connections upon shutting down pool jdbc:mysql://localhost:3306/employee?allowPublicKeyRetrieval=true&useSSL=false
2024-02-05 15:57:28.139 [main] ERROR org.hibernate.orm.connections.pooling:302 - Connection leak detected: there are 1 unclosed connections
2024-02-05 16:29:11.813 [main] ERROR org.hibernate.engine.jdbc.spi.SqlExceptionHelper:150 - Column 'type' cannot be null
2024-02-05 16:34:34.019 [main] ERROR org.hibernate.engine.jdbc.spi.SqlExceptionHelper:150 - Cannot add or update a child row: a foreign key constraint fails (`skillbox`.`courses`, CONSTRAINT `teacher` FOREIGN KEY (`teacher_id`) REFERENCES `teachers` (`id`))
